[2020-12-10 21:26:37.901] [exthost] [info] extension host started
[2020-12-10 21:26:37.971] [exthost] [info] ExtensionService#_doActivateExtension vscode.debug-auto-launch {"startup":true,"extensionId":{"value":"vscode.debug-auto-launch","_lower":"vscode.debug-auto-launch"},"activationEvent":"*"}
[2020-12-10 21:26:37.972] [exthost] [info] ExtensionService#loadCommonJSModule file:///home/fdiazber/.vscode-server/bin/e5a624b788d92b8d34d1392e4c4d9789406efe8f/extensions/debug-auto-launch/dist/extension
[2020-12-10 21:26:37.986] [exthost] [info] ExtensionService#_doActivateExtension vscode.emmet {"startup":true,"extensionId":{"value":"vscode.emmet","_lower":"vscode.emmet"},"activationEvent":"*"}
[2020-12-10 21:26:37.986] [exthost] [info] ExtensionService#loadCommonJSModule file:///home/fdiazber/.vscode-server/bin/e5a624b788d92b8d34d1392e4c4d9789406efe8f/extensions/emmet/dist/node/emmetNodeMain
[2020-12-10 21:26:38.118] [exthost] [info] ExtensionService#_doActivateExtension vscode.git {"startup":true,"extensionId":{"value":"vscode.github","_lower":"vscode.github"},"activationEvent":"*"}
[2020-12-10 21:26:38.118] [exthost] [info] ExtensionService#loadCommonJSModule file:///home/fdiazber/.vscode-server/bin/e5a624b788d92b8d34d1392e4c4d9789406efe8f/extensions/git/dist/main
[2020-12-10 21:26:38.257] [exthost] [info] ExtensionService#_doActivateExtension vscode.merge-conflict {"startup":true,"extensionId":{"value":"vscode.merge-conflict","_lower":"vscode.merge-conflict"},"activationEvent":"*"}
[2020-12-10 21:26:38.258] [exthost] [info] ExtensionService#loadCommonJSModule file:///home/fdiazber/.vscode-server/bin/e5a624b788d92b8d34d1392e4c4d9789406efe8f/extensions/merge-conflict/dist/mergeConflictMain
[2020-12-10 21:26:38.261] [exthost] [info] ExtensionService#_doActivateExtension vscode.search-result {"startup":true,"extensionId":{"value":"vscode.search-result","_lower":"vscode.search-result"},"activationEvent":"*"}
[2020-12-10 21:26:38.262] [exthost] [info] ExtensionService#loadCommonJSModule file:///home/fdiazber/.vscode-server/bin/e5a624b788d92b8d34d1392e4c4d9789406efe8f/extensions/search-result/dist/extension.js
[2020-12-10 21:26:38.443] [exthost] [info] ExtensionService#_doActivateExtension vscode.github {"startup":true,"extensionId":{"value":"vscode.github","_lower":"vscode.github"},"activationEvent":"*"}
[2020-12-10 21:26:38.443] [exthost] [info] ExtensionService#loadCommonJSModule file:///home/fdiazber/.vscode-server/bin/e5a624b788d92b8d34d1392e4c4d9789406efe8f/extensions/github/dist/extension.js
[2020-12-10 21:26:38.487] [exthost] [info] ExtensionService#_doActivateExtension ms-vscode.js-debug {"startup":false,"extensionId":{"value":"ms-vscode.js-debug","_lower":"ms-vscode.js-debug"},"activationEvent":"onCommand:extension.js-debug.clearAutoAttachVariables"}
[2020-12-10 21:26:38.487] [exthost] [info] ExtensionService#loadCommonJSModule file:///home/fdiazber/.vscode-server/bin/e5a624b788d92b8d34d1392e4c4d9789406efe8f/extensions/ms-vscode.js-debug/src/extension.js
[2020-12-10 21:26:38.769] [exthost] [info] eager extensions activated
[2020-12-10 21:26:39.986] [exthost] [info] ExtensionService#_doActivateExtension vscode.html-language-features {"startup":false,"extensionId":{"value":"vscode.html-language-features","_lower":"vscode.html-language-features"},"activationEvent":"onLanguage:html"}
[2020-12-10 21:26:39.987] [exthost] [info] ExtensionService#loadCommonJSModule file:///home/fdiazber/.vscode-server/bin/e5a624b788d92b8d34d1392e4c4d9789406efe8f/extensions/html-language-features/client/dist/node/htmlClientMain
[2020-12-10 21:27:01.731] [exthost] [info] ExtensionService#_doActivateExtension vscode.configuration-editing {"startup":false,"extensionId":{"value":"vscode.configuration-editing","_lower":"vscode.configuration-editing"},"activationEvent":"onLanguage:json"}
[2020-12-10 21:27:01.732] [exthost] [info] ExtensionService#loadCommonJSModule file:///home/fdiazber/.vscode-server/bin/e5a624b788d92b8d34d1392e4c4d9789406efe8f/extensions/configuration-editing/dist/configurationEditingMain
[2020-12-10 21:27:01.738] [exthost] [info] ExtensionService#_doActivateExtension vscode.extension-editing {"startup":false,"extensionId":{"value":"vscode.extension-editing","_lower":"vscode.extension-editing"},"activationEvent":"onLanguage:json"}
[2020-12-10 21:27:01.738] [exthost] [info] ExtensionService#loadCommonJSModule file:///home/fdiazber/.vscode-server/bin/e5a624b788d92b8d34d1392e4c4d9789406efe8f/extensions/extension-editing/dist/extensionEditingMain
[2020-12-10 21:27:01.749] [exthost] [info] ExtensionService#_doActivateExtension vscode.json-language-features {"startup":false,"extensionId":{"value":"vscode.json-language-features","_lower":"vscode.json-language-features"},"activationEvent":"onLanguage:json"}
[2020-12-10 21:27:01.750] [exthost] [info] ExtensionService#loadCommonJSModule file:///home/fdiazber/.vscode-server/bin/e5a624b788d92b8d34d1392e4c4d9789406efe8f/extensions/json-language-features/client/dist/node/jsonClientMain
[2020-12-10 21:27:01.811] [exthost] [info] ExtensionService#_doActivateExtension vscode.npm {"startup":false,"extensionId":{"value":"vscode.npm","_lower":"vscode.npm"},"activationEvent":"onLanguage:json"}
[2020-12-10 21:27:01.811] [exthost] [info] ExtensionService#loadCommonJSModule file:///home/fdiazber/.vscode-server/bin/e5a624b788d92b8d34d1392e4c4d9789406efe8f/extensions/npm/dist/npmMain
[2020-12-10 21:27:11.227] [exthost] [info] ExtensionService#_doActivateExtension naumovs.color-highlight {"startup":false,"extensionId":{"value":"naumovs.color-highlight","_lower":"naumovs.color-highlight"},"activationEvent":"*"}
[2020-12-10 21:27:11.228] [exthost] [info] ExtensionService#loadCommonJSModule file:///home/fdiazber/.vscode-server/extensions/naumovs.color-highlight-2.3.0/dist/extension
[2020-12-10 21:27:13.510] [exthost] [info] ExtensionService#_doActivateExtension vscode.typescript-language-features {"startup":false,"extensionId":{"value":"vscode.typescript-language-features","_lower":"vscode.typescript-language-features"},"activationEvent":"onLanguage:javascript"}
[2020-12-10 21:27:13.510] [exthost] [info] ExtensionService#loadCommonJSModule file:///home/fdiazber/.vscode-server/bin/e5a624b788d92b8d34d1392e4c4d9789406efe8f/extensions/typescript-language-features/dist/extension
[2020-12-10 21:27:15.875] [exthost] [info] ExtensionService#_doActivateExtension dbaeumer.vscode-eslint {"startup":false,"extensionId":{"value":"dbaeumer.vscode-eslint","_lower":"dbaeumer.vscode-eslint"},"activationEvent":"onStartupFinished"}
[2020-12-10 21:27:15.876] [exthost] [info] ExtensionService#loadCommonJSModule file:///home/fdiazber/.vscode-server/extensions/dbaeumer.vscode-eslint-2.1.13/client/out/extension
[2020-12-10 21:27:23.624] [exthost] [info] ExtensionService#_doActivateExtension ritwickdey.LiveServer {"startup":false,"extensionId":{"value":"ritwickdey.LiveServer","_lower":"ritwickdey.liveserver"},"activationEvent":"*"}
[2020-12-10 21:27:23.624] [exthost] [info] ExtensionService#loadCommonJSModule file:///home/fdiazber/.vscode-server/extensions/ritwickdey.liveserver-5.6.1/out/src/extension
[2020-12-10 21:27:24.306] [exthost] [info] ExtensionService#_doActivateExtension christian-kohler.path-intellisense {"startup":false,"extensionId":{"value":"christian-kohler.path-intellisense","_lower":"christian-kohler.path-intellisense"},"activationEvent":"*"}
[2020-12-10 21:27:24.306] [exthost] [info] ExtensionService#loadCommonJSModule file:///home/fdiazber/.vscode-server/extensions/christian-kohler.path-intellisense-2.3.0/out/extension.js
[2020-12-10 21:27:28.749] [exthost] [info] ExtensionService#_doActivateExtension esbenp.prettier-vscode {"startup":false,"extensionId":{"value":"esbenp.prettier-vscode","_lower":"esbenp.prettier-vscode"},"activationEvent":"onStartupFinished"}
[2020-12-10 21:27:28.749] [exthost] [info] ExtensionService#loadCommonJSModule file:///home/fdiazber/.vscode-server/extensions/esbenp.prettier-vscode-5.8.0/dist/extension
[2020-12-10 21:27:31.205] [exthost] [info] ExtensionService#_doActivateExtension RobbOwen.synthwave-vscode {"startup":false,"extensionId":{"value":"RobbOwen.synthwave-vscode","_lower":"robbowen.synthwave-vscode"},"activationEvent":"*"}
[2020-12-10 21:27:31.205] [exthost] [info] ExtensionService#loadCommonJSModule file:///home/fdiazber/.vscode-server/extensions/robbowen.synthwave-vscode-0.1.8/src/extension.js
